<?xml version="1.0" encoding="UTF-8"?>
<robot generator="Robot 6.0.2 (Python 3.11.0 on win32)" generated="20230129 09:29:54.305" rpa="false" schemaversion="3">
<suite id="s1" name="9 Selenium Ecercise" source="C:\Users\vdi-student\PycharmProjects\repo\robot_basic\9_selenium_ecercise.robot">
<test id="s1-t1" name="Registration" line="37">
<for flavor="IN RANGE">
<var>${i}</var>
<value>5</value>
<iter>
<var name="${i}">0</var>
<kw name="Registration In Forum">
<arg>${emails}[${i}]</arg>
<arg>${passwords}[${i}]</arg>
<kw name="Open Browser" library="SeleniumLibrary">
<arg>https://gotujmy.pl/forum/</arg>
<arg>Chrome</arg>
<doc>Opens a new browser instance to the optional ``url``.</doc>
<msg timestamp="20230129 09:29:54.822" level="INFO">Opening browser 'Chrome' to base url 'https://gotujmy.pl/forum/'.</msg>
<status status="PASS" starttime="20230129 09:29:54.817" endtime="20230129 09:30:00.202"/>
</kw>
<kw name="Sleep" library="BuiltIn">
<arg>3</arg>
<doc>Pauses the test executed for the given time.</doc>
<msg timestamp="20230129 09:30:03.204" level="INFO">Slept 3 seconds</msg>
<status status="PASS" starttime="20230129 09:30:00.202" endtime="20230129 09:30:03.204"/>
</kw>
<kw name="Run Keyword And Ignore Error" library="BuiltIn">
<arg>click button</arg>
<arg>//*[@id="tcf277-permissions-modal"]/div[3]/div/button[2]</arg>
<doc>Runs the given keyword with the given arguments and ignores possible error.</doc>
<kw name="Click Button" library="SeleniumLibrary">
<arg>//*[@id="tcf277-permissions-modal"]/div[3]/div/button[2]</arg>
<doc>Clicks the button identified by ``locator``.</doc>
<msg timestamp="20230129 09:30:03.204" level="INFO">Clicking button '//*[@id="tcf277-permissions-modal"]/div[3]/div/button[2]'.</msg>
<status status="PASS" starttime="20230129 09:30:03.204" endtime="20230129 09:30:03.403"/>
</kw>
<status status="PASS" starttime="20230129 09:30:03.204" endtime="20230129 09:30:03.403"/>
</kw>
<kw name="Sleep" library="BuiltIn">
<arg>3</arg>
<doc>Pauses the test executed for the given time.</doc>
<msg timestamp="20230129 09:30:06.403" level="INFO">Slept 3 seconds</msg>
<status status="PASS" starttime="20230129 09:30:03.403" endtime="20230129 09:30:06.403"/>
</kw>
<kw name="Click Element" library="SeleniumLibrary">
<arg>//*[@id="navTop"]/nav/ul[1]/li[2]/a</arg>
<doc>Click the element identified by ``locator``.</doc>
<msg timestamp="20230129 09:30:06.406" level="INFO">Clicking element '//*[@id="navTop"]/nav/ul[1]/li[2]/a'.</msg>
<status status="PASS" starttime="20230129 09:30:06.405" endtime="20230129 09:30:08.261"/>
</kw>
<kw name="Sleep" library="BuiltIn">
<arg>3</arg>
<doc>Pauses the test executed for the given time.</doc>
<msg timestamp="20230129 09:30:11.263" level="INFO">Slept 3 seconds</msg>
<status status="PASS" starttime="20230129 09:30:08.262" endtime="20230129 09:30:11.263"/>
</kw>
<kw name="Run Keyword And Ignore Error" library="BuiltIn">
<arg>click button</arg>
<arg>//*[@id="tcf277-permissions-modal"]/div[3]/div/button[2]</arg>
<doc>Runs the given keyword with the given arguments and ignores possible error.</doc>
<kw name="Click Button" library="SeleniumLibrary">
<arg>//*[@id="tcf277-permissions-modal"]/div[3]/div/button[2]</arg>
<doc>Clicks the button identified by ``locator``.</doc>
<msg timestamp="20230129 09:30:11.263" level="INFO">Clicking button '//*[@id="tcf277-permissions-modal"]/div[3]/div/button[2]'.</msg>
<msg timestamp="20230129 09:30:11.394" level="INFO" html="true">&lt;/td&gt;&lt;/tr&gt;&lt;tr&gt;&lt;td colspan="3"&gt;&lt;a href="selenium-screenshot-17.png"&gt;&lt;img src="selenium-screenshot-17.png" width="800px"&gt;&lt;/a&gt;</msg>
<msg timestamp="20230129 09:30:11.394" level="FAIL">Button with locator '//*[@id="tcf277-permissions-modal"]/div[3]/div/button[2]' not found.</msg>
<status status="FAIL" starttime="20230129 09:30:11.263" endtime="20230129 09:30:11.399"/>
</kw>
<status status="PASS" starttime="20230129 09:30:11.263" endtime="20230129 09:30:11.399"/>
</kw>
<kw name="Sleep" library="BuiltIn">
<arg>3</arg>
<doc>Pauses the test executed for the given time.</doc>
<msg timestamp="20230129 09:30:14.400" level="INFO">Slept 3 seconds</msg>
<status status="PASS" starttime="20230129 09:30:11.399" endtime="20230129 09:30:14.400"/>
</kw>
<kw name="Input Text" library="SeleniumLibrary">
<arg>//*[@id="f_cmu_email"]</arg>
<arg>${email}</arg>
<doc>Types the given ``text`` into the text field identified by ``locator``.</doc>
<msg timestamp="20230129 09:30:14.400" level="INFO">Typing text 'email1@wp.pl' into text field '//*[@id="f_cmu_email"]'.</msg>
<status status="PASS" starttime="20230129 09:30:14.400" endtime="20230129 09:30:14.539"/>
</kw>
<kw name="Input Text" library="SeleniumLibrary">
<arg>//*[@id="f_cmu_email2"]</arg>
<arg>${email}</arg>
<doc>Types the given ``text`` into the text field identified by ``locator``.</doc>
<msg timestamp="20230129 09:30:14.541" level="INFO">Typing text 'email1@wp.pl' into text field '//*[@id="f_cmu_email2"]'.</msg>
<status status="PASS" starttime="20230129 09:30:14.539" endtime="20230129 09:30:14.712"/>
</kw>
<kw name="Input Text" library="SeleniumLibrary">
<arg>//*[@id="f_cmu_password"]</arg>
<arg>${password}</arg>
<doc>Types the given ``text`` into the text field identified by ``locator``.</doc>
<msg timestamp="20230129 09:30:14.714" level="INFO">Typing text 'pass1' into text field '//*[@id="f_cmu_password"]'.</msg>
<status status="PASS" starttime="20230129 09:30:14.712" endtime="20230129 09:30:14.833"/>
</kw>
<kw name="Input Text" library="SeleniumLibrary">
<arg>//*[@id="f_cmu_password2"]</arg>
<arg>${password}</arg>
<doc>Types the given ``text`` into the text field identified by ``locator``.</doc>
<msg timestamp="20230129 09:30:14.834" level="INFO">Typing text 'pass1' into text field '//*[@id="f_cmu_password2"]'.</msg>
<status status="PASS" starttime="20230129 09:30:14.833" endtime="20230129 09:30:14.921"/>
</kw>
<kw name="Checkbox Should Not Be Selected" library="SeleniumLibrary">
<arg>//*[@id="newsletter_agree"]</arg>
<doc>Verifies checkbox ``locator`` is not selected/checked.</doc>
<msg timestamp="20230129 09:30:14.922" level="INFO">Verifying checkbox '//*[@id="newsletter_agree"]' is not selected.</msg>
<status status="PASS" starttime="20230129 09:30:14.921" endtime="20230129 09:30:14.969"/>
</kw>
<kw name="Select Checkbox" library="SeleniumLibrary">
<arg>//*[@id="newsletter_agree"]</arg>
<doc>Selects the checkbox identified by ``locator``.</doc>
<msg timestamp="20230129 09:30:14.974" level="INFO">Selecting checkbox '//*[@id="newsletter_agree"]'.</msg>
<status status="PASS" starttime="20230129 09:30:14.969" endtime="20230129 09:30:15.097"/>
</kw>
<kw name="Checkbox Should Not Be Selected" library="SeleniumLibrary">
<arg>//*[@id="user_register_form"]/fieldset/label[2]/input</arg>
<doc>Verifies checkbox ``locator`` is not selected/checked.</doc>
<msg timestamp="20230129 09:30:15.099" level="INFO">Verifying checkbox '//*[@id="user_register_form"]/fieldset/label[2]/input' is not selected.</msg>
<status status="PASS" starttime="20230129 09:30:15.097" endtime="20230129 09:30:15.200"/>
</kw>
<kw name="Select Checkbox" library="SeleniumLibrary">
<arg>//*[@id="user_register_form"]/fieldset/label[2]/input</arg>
<doc>Selects the checkbox identified by ``locator``.</doc>
<msg timestamp="20230129 09:30:15.205" level="INFO">Selecting checkbox '//*[@id="user_register_form"]/fieldset/label[2]/input'.</msg>
<status status="PASS" starttime="20230129 09:30:15.200" endtime="20230129 09:30:15.304"/>
</kw>
<kw name="Checkbox Should Not Be Selected" library="SeleniumLibrary">
<arg>//*[@id="user_register_form"]/fieldset/label[3]/input</arg>
<doc>Verifies checkbox ``locator`` is not selected/checked.</doc>
<msg timestamp="20230129 09:30:15.306" level="INFO">Verifying checkbox '//*[@id="user_register_form"]/fieldset/label[3]/input' is not selected.</msg>
<status status="PASS" starttime="20230129 09:30:15.305" endtime="20230129 09:30:15.368"/>
</kw>
<kw name="Select Checkbox" library="SeleniumLibrary">
<arg>//*[@id="user_register_form"]/fieldset/label[3]/input</arg>
<doc>Selects the checkbox identified by ``locator``.</doc>
<msg timestamp="20230129 09:30:15.373" level="INFO">Selecting checkbox '//*[@id="user_register_form"]/fieldset/label[3]/input'.</msg>
<status status="PASS" starttime="20230129 09:30:15.368" endtime="20230129 09:30:15.509"/>
</kw>
<kw name="Run Keyword And Ignore Error" library="BuiltIn">
<arg>click button</arg>
<arg>//*[@id="user_register_form"]/fieldset/footer/button</arg>
<doc>Runs the given keyword with the given arguments and ignores possible error.</doc>
<kw name="Click Button" library="SeleniumLibrary">
<arg>//*[@id="user_register_form"]/fieldset/footer/button</arg>
<doc>Clicks the button identified by ``locator``.</doc>
<msg timestamp="20230129 09:30:15.510" level="INFO">Clicking button '//*[@id="user_register_form"]/fieldset/footer/button'.</msg>
<status status="PASS" starttime="20230129 09:30:15.510" endtime="20230129 09:30:16.829"/>
</kw>
<status status="PASS" starttime="20230129 09:30:15.509" endtime="20230129 09:30:16.829"/>
</kw>
<kw name="Capture Page Screenshot" library="SeleniumLibrary">
<doc>Takes a screenshot of the current page and embeds it into a log file.</doc>
<msg timestamp="20230129 09:30:16.982" level="INFO" html="true">&lt;/td&gt;&lt;/tr&gt;&lt;tr&gt;&lt;td colspan="3"&gt;&lt;a href="selenium-screenshot-18.png"&gt;&lt;img src="selenium-screenshot-18.png" width="800px"&gt;&lt;/a&gt;</msg>
<status status="PASS" starttime="20230129 09:30:16.829" endtime="20230129 09:30:16.982"/>
</kw>
<status status="PASS" starttime="20230129 09:29:54.817" endtime="20230129 09:30:16.983"/>
</kw>
<status status="PASS" starttime="20230129 09:29:54.817" endtime="20230129 09:30:16.983"/>
</iter>
<iter>
<var name="${i}">1</var>
<kw name="Registration In Forum">
<arg>${emails}[${i}]</arg>
<arg>${passwords}[${i}]</arg>
<kw name="Open Browser" library="SeleniumLibrary">
<arg>https://gotujmy.pl/forum/</arg>
<arg>Chrome</arg>
<doc>Opens a new browser instance to the optional ``url``.</doc>
<msg timestamp="20230129 09:30:16.986" level="INFO">Opening browser 'Chrome' to base url 'https://gotujmy.pl/forum/'.</msg>
<status status="PASS" starttime="20230129 09:30:16.984" endtime="20230129 09:30:26.340"/>
</kw>
<kw name="Sleep" library="BuiltIn">
<arg>3</arg>
<doc>Pauses the test executed for the given time.</doc>
<msg timestamp="20230129 09:30:29.346" level="INFO">Slept 3 seconds</msg>
<status status="PASS" starttime="20230129 09:30:26.341" endtime="20230129 09:30:29.346"/>
</kw>
<kw name="Run Keyword And Ignore Error" library="BuiltIn">
<arg>click button</arg>
<arg>//*[@id="tcf277-permissions-modal"]/div[3]/div/button[2]</arg>
<doc>Runs the given keyword with the given arguments and ignores possible error.</doc>
<kw name="Click Button" library="SeleniumLibrary">
<arg>//*[@id="tcf277-permissions-modal"]/div[3]/div/button[2]</arg>
<doc>Clicks the button identified by ``locator``.</doc>
<msg timestamp="20230129 09:30:29.346" level="INFO">Clicking button '//*[@id="tcf277-permissions-modal"]/div[3]/div/button[2]'.</msg>
<status status="PASS" starttime="20230129 09:30:29.346" endtime="20230129 09:30:29.507"/>
</kw>
<status status="PASS" starttime="20230129 09:30:29.346" endtime="20230129 09:30:29.507"/>
</kw>
<kw name="Sleep" library="BuiltIn">
<arg>3</arg>
<doc>Pauses the test executed for the given time.</doc>
<msg timestamp="20230129 09:30:32.508" level="INFO">Slept 3 seconds</msg>
<status status="PASS" starttime="20230129 09:30:29.508" endtime="20230129 09:30:32.508"/>
</kw>
<kw name="Click Element" library="SeleniumLibrary">
<arg>//*[@id="navTop"]/nav/ul[1]/li[2]/a</arg>
<doc>Click the element identified by ``locator``.</doc>
<msg timestamp="20230129 09:30:32.510" level="INFO">Clicking element '//*[@id="navTop"]/nav/ul[1]/li[2]/a'.</msg>
<status status="PASS" starttime="20230129 09:30:32.509" endtime="20230129 09:30:33.330"/>
</kw>
<kw name="Sleep" library="BuiltIn">
<arg>3</arg>
<doc>Pauses the test executed for the given time.</doc>
<msg timestamp="20230129 09:30:36.330" level="INFO">Slept 3 seconds</msg>
<status status="PASS" starttime="20230129 09:30:33.330" endtime="20230129 09:30:36.330"/>
</kw>
<kw name="Run Keyword And Ignore Error" library="BuiltIn">
<arg>click button</arg>
<arg>//*[@id="tcf277-permissions-modal"]/div[3]/div/button[2]</arg>
<doc>Runs the given keyword with the given arguments and ignores possible error.</doc>
<kw name="Click Button" library="SeleniumLibrary">
<arg>//*[@id="tcf277-permissions-modal"]/div[3]/div/button[2]</arg>
<doc>Clicks the button identified by ``locator``.</doc>
<msg timestamp="20230129 09:30:36.330" level="INFO">Clicking button '//*[@id="tcf277-permissions-modal"]/div[3]/div/button[2]'.</msg>
<msg timestamp="20230129 09:30:36.473" level="INFO" html="true">&lt;/td&gt;&lt;/tr&gt;&lt;tr&gt;&lt;td colspan="3"&gt;&lt;a href="selenium-screenshot-19.png"&gt;&lt;img src="selenium-screenshot-19.png" width="800px"&gt;&lt;/a&gt;</msg>
<msg timestamp="20230129 09:30:36.473" level="FAIL">Button with locator '//*[@id="tcf277-permissions-modal"]/div[3]/div/button[2]' not found.</msg>
<status status="FAIL" starttime="20230129 09:30:36.330" endtime="20230129 09:30:36.478"/>
</kw>
<status status="PASS" starttime="20230129 09:30:36.330" endtime="20230129 09:30:36.478"/>
</kw>
<kw name="Sleep" library="BuiltIn">
<arg>3</arg>
<doc>Pauses the test executed for the given time.</doc>
<msg timestamp="20230129 09:30:39.481" level="INFO">Slept 3 seconds</msg>
<status status="PASS" starttime="20230129 09:30:36.478" endtime="20230129 09:30:39.481"/>
</kw>
<kw name="Input Text" library="SeleniumLibrary">
<arg>//*[@id="f_cmu_email"]</arg>
<arg>${email}</arg>
<doc>Types the given ``text`` into the text field identified by ``locator``.</doc>
<msg timestamp="20230129 09:30:39.481" level="INFO">Typing text 'email2@wp.pl' into text field '//*[@id="f_cmu_email"]'.</msg>
<status status="PASS" starttime="20230129 09:30:39.481" endtime="20230129 09:30:39.664"/>
</kw>
<kw name="Input Text" library="SeleniumLibrary">
<arg>//*[@id="f_cmu_email2"]</arg>
<arg>${email}</arg>
<doc>Types the given ``text`` into the text field identified by ``locator``.</doc>
<msg timestamp="20230129 09:30:39.665" level="INFO">Typing text 'email2@wp.pl' into text field '//*[@id="f_cmu_email2"]'.</msg>
<status status="PASS" starttime="20230129 09:30:39.664" endtime="20230129 09:30:39.824"/>
</kw>
<kw name="Input Text" library="SeleniumLibrary">
<arg>//*[@id="f_cmu_password"]</arg>
<arg>${password}</arg>
<doc>Types the given ``text`` into the text field identified by ``locator``.</doc>
<msg timestamp="20230129 09:30:39.825" level="INFO">Typing text 'pass2' into text field '//*[@id="f_cmu_password"]'.</msg>
<status status="PASS" starttime="20230129 09:30:39.824" endtime="20230129 09:30:39.947"/>
</kw>
<kw name="Input Text" library="SeleniumLibrary">
<arg>//*[@id="f_cmu_password2"]</arg>
<arg>${password}</arg>
<doc>Types the given ``text`` into the text field identified by ``locator``.</doc>
<msg timestamp="20230129 09:30:39.949" level="INFO">Typing text 'pass2' into text field '//*[@id="f_cmu_password2"]'.</msg>
<status status="PASS" starttime="20230129 09:30:39.948" endtime="20230129 09:30:40.086"/>
</kw>
<kw name="Checkbox Should Not Be Selected" library="SeleniumLibrary">
<arg>//*[@id="newsletter_agree"]</arg>
<doc>Verifies checkbox ``locator`` is not selected/checked.</doc>
<msg timestamp="20230129 09:30:40.087" level="INFO">Verifying checkbox '//*[@id="newsletter_agree"]' is not selected.</msg>
<status status="PASS" starttime="20230129 09:30:40.087" endtime="20230129 09:30:40.138"/>
</kw>
<kw name="Select Checkbox" library="SeleniumLibrary">
<arg>//*[@id="newsletter_agree"]</arg>
<doc>Selects the checkbox identified by ``locator``.</doc>
<msg timestamp="20230129 09:30:40.138" level="INFO">Selecting checkbox '//*[@id="newsletter_agree"]'.</msg>
<status status="PASS" starttime="20230129 09:30:40.138" endtime="20230129 09:30:40.250"/>
</kw>
<kw name="Checkbox Should Not Be Selected" library="SeleniumLibrary">
<arg>//*[@id="user_register_form"]/fieldset/label[2]/input</arg>
<doc>Verifies checkbox ``locator`` is not selected/checked.</doc>
<msg timestamp="20230129 09:30:40.251" level="INFO">Verifying checkbox '//*[@id="user_register_form"]/fieldset/label[2]/input' is not selected.</msg>
<status status="PASS" starttime="20230129 09:30:40.250" endtime="20230129 09:30:40.298"/>
</kw>
<kw name="Select Checkbox" library="SeleniumLibrary">
<arg>//*[@id="user_register_form"]/fieldset/label[2]/input</arg>
<doc>Selects the checkbox identified by ``locator``.</doc>
<msg timestamp="20230129 09:30:40.298" level="INFO">Selecting checkbox '//*[@id="user_register_form"]/fieldset/label[2]/input'.</msg>
<status status="PASS" starttime="20230129 09:30:40.298" endtime="20230129 09:30:40.394"/>
</kw>
<kw name="Checkbox Should Not Be Selected" library="SeleniumLibrary">
<arg>//*[@id="user_register_form"]/fieldset/label[3]/input</arg>
<doc>Verifies checkbox ``locator`` is not selected/checked.</doc>
<msg timestamp="20230129 09:30:40.396" level="INFO">Verifying checkbox '//*[@id="user_register_form"]/fieldset/label[3]/input' is not selected.</msg>
<status status="PASS" starttime="20230129 09:30:40.394" endtime="20230129 09:30:40.460"/>
</kw>
<kw name="Select Checkbox" library="SeleniumLibrary">
<arg>//*[@id="user_register_form"]/fieldset/label[3]/input</arg>
<doc>Selects the checkbox identified by ``locator``.</doc>
<msg timestamp="20230129 09:30:40.460" level="INFO">Selecting checkbox '//*[@id="user_register_form"]/fieldset/label[3]/input'.</msg>
<status status="PASS" starttime="20230129 09:30:40.460" endtime="20230129 09:30:40.563"/>
</kw>
<kw name="Run Keyword And Ignore Error" library="BuiltIn">
<arg>click button</arg>
<arg>//*[@id="user_register_form"]/fieldset/footer/button</arg>
<doc>Runs the given keyword with the given arguments and ignores possible error.</doc>
<kw name="Click Button" library="SeleniumLibrary">
<arg>//*[@id="user_register_form"]/fieldset/footer/button</arg>
<doc>Clicks the button identified by ``locator``.</doc>
<msg timestamp="20230129 09:30:40.564" level="INFO">Clicking button '//*[@id="user_register_form"]/fieldset/footer/button'.</msg>
<status status="PASS" starttime="20230129 09:30:40.563" endtime="20230129 09:30:41.522"/>
</kw>
<status status="PASS" starttime="20230129 09:30:40.563" endtime="20230129 09:30:41.522"/>
</kw>
<kw name="Capture Page Screenshot" library="SeleniumLibrary">
<doc>Takes a screenshot of the current page and embeds it into a log file.</doc>
<msg timestamp="20230129 09:30:41.672" level="INFO" html="true">&lt;/td&gt;&lt;/tr&gt;&lt;tr&gt;&lt;td colspan="3"&gt;&lt;a href="selenium-screenshot-20.png"&gt;&lt;img src="selenium-screenshot-20.png" width="800px"&gt;&lt;/a&gt;</msg>
<status status="PASS" starttime="20230129 09:30:41.523" endtime="20230129 09:30:41.672"/>
</kw>
<status status="PASS" starttime="20230129 09:30:16.983" endtime="20230129 09:30:41.673"/>
</kw>
<status status="PASS" starttime="20230129 09:30:16.983" endtime="20230129 09:30:41.673"/>
</iter>
<iter>
<var name="${i}">2</var>
<kw name="Registration In Forum">
<arg>${emails}[${i}]</arg>
<arg>${passwords}[${i}]</arg>
<kw name="Open Browser" library="SeleniumLibrary">
<arg>https://gotujmy.pl/forum/</arg>
<arg>Chrome</arg>
<doc>Opens a new browser instance to the optional ``url``.</doc>
<msg timestamp="20230129 09:30:41.676" level="INFO">Opening browser 'Chrome' to base url 'https://gotujmy.pl/forum/'.</msg>
<status status="PASS" starttime="20230129 09:30:41.674" endtime="20230129 09:30:47.711"/>
</kw>
<kw name="Sleep" library="BuiltIn">
<arg>3</arg>
<doc>Pauses the test executed for the given time.</doc>
<msg timestamp="20230129 09:30:50.713" level="INFO">Slept 3 seconds</msg>
<status status="PASS" starttime="20230129 09:30:47.711" endtime="20230129 09:30:50.713"/>
</kw>
<kw name="Run Keyword And Ignore Error" library="BuiltIn">
<arg>click button</arg>
<arg>//*[@id="tcf277-permissions-modal"]/div[3]/div/button[2]</arg>
<doc>Runs the given keyword with the given arguments and ignores possible error.</doc>
<kw name="Click Button" library="SeleniumLibrary">
<arg>//*[@id="tcf277-permissions-modal"]/div[3]/div/button[2]</arg>
<doc>Clicks the button identified by ``locator``.</doc>
<msg timestamp="20230129 09:30:50.713" level="INFO">Clicking button '//*[@id="tcf277-permissions-modal"]/div[3]/div/button[2]'.</msg>
<status status="PASS" starttime="20230129 09:30:50.713" endtime="20230129 09:30:51.463"/>
</kw>
<status status="PASS" starttime="20230129 09:30:50.713" endtime="20230129 09:30:51.463"/>
</kw>
<kw name="Sleep" library="BuiltIn">
<arg>3</arg>
<doc>Pauses the test executed for the given time.</doc>
<msg timestamp="20230129 09:30:54.465" level="INFO">Slept 3 seconds</msg>
<status status="PASS" starttime="20230129 09:30:51.463" endtime="20230129 09:30:54.465"/>
</kw>
<kw name="Click Element" library="SeleniumLibrary">
<arg>//*[@id="navTop"]/nav/ul[1]/li[2]/a</arg>
<doc>Click the element identified by ``locator``.</doc>
<msg timestamp="20230129 09:30:54.466" level="INFO">Clicking element '//*[@id="navTop"]/nav/ul[1]/li[2]/a'.</msg>
<status status="PASS" starttime="20230129 09:30:54.465" endtime="20230129 09:30:56.437"/>
</kw>
<kw name="Sleep" library="BuiltIn">
<arg>3</arg>
<doc>Pauses the test executed for the given time.</doc>
<msg timestamp="20230129 09:30:59.437" level="INFO">Slept 3 seconds</msg>
<status status="PASS" starttime="20230129 09:30:56.437" endtime="20230129 09:30:59.437"/>
</kw>
<kw name="Run Keyword And Ignore Error" library="BuiltIn">
<arg>click button</arg>
<arg>//*[@id="tcf277-permissions-modal"]/div[3]/div/button[2]</arg>
<doc>Runs the given keyword with the given arguments and ignores possible error.</doc>
<kw name="Click Button" library="SeleniumLibrary">
<arg>//*[@id="tcf277-permissions-modal"]/div[3]/div/button[2]</arg>
<doc>Clicks the button identified by ``locator``.</doc>
<msg timestamp="20230129 09:30:59.438" level="INFO">Clicking button '//*[@id="tcf277-permissions-modal"]/div[3]/div/button[2]'.</msg>
<msg timestamp="20230129 09:30:59.644" level="INFO" html="true">&lt;/td&gt;&lt;/tr&gt;&lt;tr&gt;&lt;td colspan="3"&gt;&lt;a href="selenium-screenshot-21.png"&gt;&lt;img src="selenium-screenshot-21.png" width="800px"&gt;&lt;/a&gt;</msg>
<msg timestamp="20230129 09:30:59.644" level="FAIL">Button with locator '//*[@id="tcf277-permissions-modal"]/div[3]/div/button[2]' not found.</msg>
<status status="FAIL" starttime="20230129 09:30:59.437" endtime="20230129 09:30:59.644"/>
</kw>
<status status="PASS" starttime="20230129 09:30:59.437" endtime="20230129 09:30:59.644"/>
</kw>
<kw name="Sleep" library="BuiltIn">
<arg>3</arg>
<doc>Pauses the test executed for the given time.</doc>
<msg timestamp="20230129 09:31:02.645" level="INFO">Slept 3 seconds</msg>
<status status="PASS" starttime="20230129 09:30:59.644" endtime="20230129 09:31:02.645"/>
</kw>
<kw name="Input Text" library="SeleniumLibrary">
<arg>//*[@id="f_cmu_email"]</arg>
<arg>${email}</arg>
<doc>Types the given ``text`` into the text field identified by ``locator``.</doc>
<msg timestamp="20230129 09:31:02.645" level="INFO">Typing text 'email3@wp.pl' into text field '//*[@id="f_cmu_email"]'.</msg>
<msg timestamp="20230129 09:31:02.650" level="WARN">Keyword 'Capture Page Screenshot' could not be run on failure: Message: no such window: target window already closed
from unknown error: web view not found
  (Session info: chrome=109.0.5414.120)
Stacktrace:
Backtrace:
	(No symbol) [0x00476643]
	(No symbol) [0x0040BE21]
	(No symbol) [0x0030DA9D]
	(No symbol) [0x002EEF6A]
	(No symbol) [0x00363AAB]
	(No symbol) [0x003761B6]
	(No symbol) [0x0035FB76]
	(No symbol) [0x003349C1]
	(No symbol) [0x00335E5D]
	GetHandleVerifier [0x006EA142+2497106]
	GetHandleVerifier [0x007185D3+2686691]
	GetHandleVerifier [0x0071BB9C+2700460]
	GetHandleVerifier [0x00523B10+635936]
	(No symbol) [0x00414A1F]
	(No symbol) [0x0041A418]
	(No symbol) [0x0041A505]
	(No symbol) [0x0042508B]
	BaseThreadInitThunk [0x7670FEF9+25]
	RtlGetAppContainerNamedObjectPath [0x76F27BBE+286]
	RtlGetAppContainerNamedObjectPath [0x76F27B8E+238]
</msg>
<msg timestamp="20230129 09:31:02.655" level="FAIL">NoSuchWindowException: Message: no such window: target window already closed
from unknown error: web view not found
  (Session info: chrome=109.0.5414.120)
Stacktrace:
Backtrace:
	(No symbol) [0x00476643]
	(No symbol) [0x0040BE21]
	(No symbol) [0x0030DA9D]
	(No symbol) [0x002EEF6A]
	(No symbol) [0x00363AAB]
	(No symbol) [0x003761B6]
	(No symbol) [0x0035FB76]
	(No symbol) [0x003349C1]
	(No symbol) [0x00335E5D]
	GetHandleVerifier [0x006EA142+2497106]
	GetHandleVerifier [0x007185D3+2686691]
	GetHandleVerifier [0x0071BB9C+2700460]
	GetHandleVerifier [0x00523B10+635936]
	(No symbol) [0x00414A1F]
	(No symbol) [0x0041A418]
	(No symbol) [0x0041A505]
	(No symbol) [0x0042508B]
	BaseThreadInitThunk [0x7670FEF9+25]
	RtlGetAppContainerNamedObjectPath [0x76F27BBE+286]
	RtlGetAppContainerNamedObjectPath [0x76F27B8E+238]
</msg>
<status status="FAIL" starttime="20230129 09:31:02.645" endtime="20230129 09:31:02.670"/>
</kw>
<kw name="Input Text" library="SeleniumLibrary">
<arg>//*[@id="f_cmu_email2"]</arg>
<arg>${email}</arg>
<doc>Types the given ``text`` into the text field identified by ``locator``.</doc>
<status status="NOT RUN" starttime="20230129 09:31:02.670" endtime="20230129 09:31:02.670"/>
</kw>
<kw name="Input Text" library="SeleniumLibrary">
<arg>//*[@id="f_cmu_password"]</arg>
<arg>${password}</arg>
<doc>Types the given ``text`` into the text field identified by ``locator``.</doc>
<status status="NOT RUN" starttime="20230129 09:31:02.670" endtime="20230129 09:31:02.670"/>
</kw>
<kw name="Input Text" library="SeleniumLibrary">
<arg>//*[@id="f_cmu_password2"]</arg>
<arg>${password}</arg>
<doc>Types the given ``text`` into the text field identified by ``locator``.</doc>
<status status="NOT RUN" starttime="20230129 09:31:02.670" endtime="20230129 09:31:02.670"/>
</kw>
<kw name="Checkbox Should Not Be Selected" library="SeleniumLibrary">
<arg>//*[@id="newsletter_agree"]</arg>
<doc>Verifies checkbox ``locator`` is not selected/checked.</doc>
<status status="NOT RUN" starttime="20230129 09:31:02.670" endtime="20230129 09:31:02.670"/>
</kw>
<kw name="Select Checkbox" library="SeleniumLibrary">
<arg>//*[@id="newsletter_agree"]</arg>
<doc>Selects the checkbox identified by ``locator``.</doc>
<status status="NOT RUN" starttime="20230129 09:31:02.670" endtime="20230129 09:31:02.670"/>
</kw>
<kw name="Checkbox Should Not Be Selected" library="SeleniumLibrary">
<arg>//*[@id="user_register_form"]/fieldset/label[2]/input</arg>
<doc>Verifies checkbox ``locator`` is not selected/checked.</doc>
<status status="NOT RUN" starttime="20230129 09:31:02.670" endtime="20230129 09:31:02.670"/>
</kw>
<kw name="Select Checkbox" library="SeleniumLibrary">
<arg>//*[@id="user_register_form"]/fieldset/label[2]/input</arg>
<doc>Selects the checkbox identified by ``locator``.</doc>
<status status="NOT RUN" starttime="20230129 09:31:02.670" endtime="20230129 09:31:02.670"/>
</kw>
<kw name="Checkbox Should Not Be Selected" library="SeleniumLibrary">
<arg>//*[@id="user_register_form"]/fieldset/label[3]/input</arg>
<doc>Verifies checkbox ``locator`` is not selected/checked.</doc>
<status status="NOT RUN" starttime="20230129 09:31:02.670" endtime="20230129 09:31:02.670"/>
</kw>
<kw name="Select Checkbox" library="SeleniumLibrary">
<arg>//*[@id="user_register_form"]/fieldset/label[3]/input</arg>
<doc>Selects the checkbox identified by ``locator``.</doc>
<status status="NOT RUN" starttime="20230129 09:31:02.670" endtime="20230129 09:31:02.670"/>
</kw>
<kw name="Run Keyword And Ignore Error" library="BuiltIn">
<arg>click button</arg>
<arg>//*[@id="user_register_form"]/fieldset/footer/button</arg>
<doc>Runs the given keyword with the given arguments and ignores possible error.</doc>
<status status="NOT RUN" starttime="20230129 09:31:02.675" endtime="20230129 09:31:02.675"/>
</kw>
<kw name="Capture Page Screenshot" library="SeleniumLibrary">
<doc>Takes a screenshot of the current page and embeds it into a log file.</doc>
<status status="NOT RUN" starttime="20230129 09:31:02.675" endtime="20230129 09:31:02.675"/>
</kw>
<status status="FAIL" starttime="20230129 09:30:41.673" endtime="20230129 09:31:02.675"/>
</kw>
<status status="FAIL" starttime="20230129 09:30:41.673" endtime="20230129 09:31:02.675"/>
</iter>
<status status="FAIL" starttime="20230129 09:29:54.817" endtime="20230129 09:31:02.675"/>
</for>
<status status="FAIL" starttime="20230129 09:29:54.817" endtime="20230129 09:31:02.676">NoSuchWindowException: Message: no such window: target window already closed
from unknown error: web view not found
  (Session info: chrome=109.0.5414.120)
Stacktrace:
Backtrace:
	(No symbol) [0x00476643]
	(No symbol) [0x0040BE21]
	(No symbol) [0x0030DA9D]
	(No symbol) [0x002EEF6A]
	(No symbol) [0x00363AAB]
	(No symbol) [0x003761B6]
	(No symbol) [0x0035FB76]
	(No symbol) [0x003349C1]
	(No symbol) [0x00335E5D]
	GetHandleVerifier [0x006EA142+2497106]
	GetHandleVerifier [0x007185D3+2686691]
	GetHandleVerifier [0x0071BB9C+2700460]
	GetHandleVerifier [0x00523B10+635936]
	(No symbol) [0x00414A1F]
	(No symbol) [0x0041A418]
	(No symbol) [0x0041A505]
	(No symbol) [0x0042508B]
	BaseThreadInitThunk [0x7670FEF9+25]
	RtlGetAppContainerNamedObjectPath [0x76F27BBE+286]
	RtlGetAppContainerNamedObjectPath [0x76F27B8E+238]
</status>
</test>
<status status="FAIL" starttime="20230129 09:29:54.310" endtime="20230129 09:31:02.676"/>
</suite>
<statistics>
<total>
<stat pass="0" fail="1" skip="0">All Tests</stat>
</total>
<tag>
</tag>
<suite>
<stat pass="0" fail="1" skip="0" id="s1" name="9 Selenium Ecercise">9 Selenium Ecercise</stat>
</suite>
</statistics>
<errors>
<msg timestamp="20230129 09:31:02.650" level="WARN">Keyword 'Capture Page Screenshot' could not be run on failure: Message: no such window: target window already closed
from unknown error: web view not found
  (Session info: chrome=109.0.5414.120)
Stacktrace:
Backtrace:
	(No symbol) [0x00476643]
	(No symbol) [0x0040BE21]
	(No symbol) [0x0030DA9D]
	(No symbol) [0x002EEF6A]
	(No symbol) [0x00363AAB]
	(No symbol) [0x003761B6]
	(No symbol) [0x0035FB76]
	(No symbol) [0x003349C1]
	(No symbol) [0x00335E5D]
	GetHandleVerifier [0x006EA142+2497106]
	GetHandleVerifier [0x007185D3+2686691]
	GetHandleVerifier [0x0071BB9C+2700460]
	GetHandleVerifier [0x00523B10+635936]
	(No symbol) [0x00414A1F]
	(No symbol) [0x0041A418]
	(No symbol) [0x0041A505]
	(No symbol) [0x0042508B]
	BaseThreadInitThunk [0x7670FEF9+25]
	RtlGetAppContainerNamedObjectPath [0x76F27BBE+286]
	RtlGetAppContainerNamedObjectPath [0x76F27B8E+238]
</msg>
</errors>
</robot>
